<?xml version="1.0" encoding="UTF-8"?>
<testng-results ignored="0" total="1" passed="1" failed="0" skipped="0">
  <reporter-output>
  </reporter-output>
  <suite started-at="2024-01-14T11:00:10 IST" name="Default suite" finished-at="2024-01-14T11:00:16 IST" duration-ms="6166">
    <groups>
    </groups>
    <test started-at="2024-01-14T11:00:10 IST" name="Default test" finished-at="2024-01-14T11:00:16 IST" duration-ms="6166">
      <class name="LoginPage.Dynamic_Dropdown">
        <test-method signature="dynamic_Dropdown()[pri:0, instance:LoginPage.Dynamic_Dropdown@6e6f2380]" started-at="2024-01-14T11:00:10 IST" name="dynamic_Dropdown" finished-at="2024-01-14T11:00:16 IST" duration-ms="6101" status="PASS">
          <reporter-output>
          </reporter-output>
        </test-method> <!-- dynamic_Dropdown -->
      </class> <!-- LoginPage.Dynamic_Dropdown -->
    </test> <!-- Default test -->
  </suite> <!-- Default suite -->
</testng-results>
