<?xml version="1.0" encoding="UTF-8"?>
<testng-results ignored="0" total="2" passed="2" failed="0" skipped="0">
  <reporter-output>
  </reporter-output>
  <suite started-at="2024-01-03T21:37:59 IST" name="Surefire suite" finished-at="2024-01-03T21:38:54 IST" duration-ms="54635">
    <groups>
    </groups>
    <test started-at="2024-01-03T21:37:59 IST" name="Surefire test" finished-at="2024-01-03T21:38:54 IST" duration-ms="54635">
      <class name="testCase.SignUp_TestCase">
        <test-method signature="sign_Up()[pri:0, instance:testCase.SignUp_TestCase@7f552bd3]" started-at="2024-01-03T21:38:47 IST" name="sign_Up" finished-at="2024-01-03T21:38:54 IST" duration-ms="7376" status="PASS">
          <reporter-output>
          </reporter-output>
        </test-method> <!-- sign_Up -->
      </class> <!-- testCase.SignUp_TestCase -->
      <class name="testCase.LoginTestCase">
        <test-method signature="login()[pri:0, instance:testCase.LoginTestCase@4b14c583]" started-at="2024-01-03T21:37:59 IST" name="login" finished-at="2024-01-03T21:38:47 IST" duration-ms="47210" status="PASS">
          <reporter-output>
          </reporter-output>
        </test-method> <!-- login -->
      </class> <!-- testCase.LoginTestCase -->
    </test> <!-- Surefire test -->
  </suite> <!-- Surefire suite -->
</testng-results>
