<?xml version="1.0" encoding="UTF-8"?>
<testng-results ignored="0" total="1" passed="1" failed="0" skipped="0">
  <reporter-output>
  </reporter-output>
  <suite started-at="2023-12-22T13:08:11 IST" name="Default suite" finished-at="2023-12-22T13:08:15 IST" duration-ms="3993">
    <groups>
    </groups>
    <test started-at="2023-12-22T13:08:11 IST" name="Default test" finished-at="2023-12-22T13:08:15 IST" duration-ms="3993">
      <class name="testCase.LoginTestCase">
        <test-method signature="login()[pri:0, instance:testCase.LoginTestCase@3c46e67a]" started-at="2023-12-22T13:08:11 IST" name="login" finished-at="2023-12-22T13:08:15 IST" duration-ms="3926" status="PASS">
          <reporter-output>
          </reporter-output>
        </test-method> <!-- login -->
      </class> <!-- testCase.LoginTestCase -->
    </test> <!-- Default test -->
  </suite> <!-- Default suite -->
</testng-results>
